<?xml version="1.0" encoding="UTF-8"?>
<!-- Generated by org.testng.reporters.JUnitReportReporter -->
<testsuite hostname="OTS" failures="0" tests="1" name="Automation.Dhru.TATA" time="15.199" errors="0" timestamp="2024-12-03T15:28:21 IST" skipped="0">
  <testcase classname="Automation.Dhru.TATA" name="test" time="15.199"/>
  <system-out/>
</testsuite> <!-- Automation.Dhru.TATA -->
