<?xml version="1.0" encoding="UTF-8"?>
<!-- Generated by org.testng.reporters.JUnitReportReporter -->
<testsuite hostname="OTS" failures="0" tests="1" name="Automation.Dhru.SiblingandParenttravel" time="9.849" errors="0" timestamp="2024-12-04T18:40:26 IST" skipped="0">
  <testcase classname="Automation.Dhru.SiblingandParenttravel" name="test" time="9.849"/>
  <system-out/>
</testsuite> <!-- Automation.Dhru.SiblingandParenttravel -->
