<?xml version="1.0" encoding="UTF-8"?>
<!-- Generated by org.testng.reporters.JUnitReportReporter -->
<testsuite hostname="OTS" failures="0" tests="1" name="Automation.Dhru.Cart" time="25.989" errors="0" timestamp="2024-12-05T15:36:38 IST" skipped="0">
  <testcase classname="Automation.Dhru.Cart" name="test" time="25.989"/>
  <system-out/>
</testsuite> <!-- Automation.Dhru.Cart -->
