<?xml version="1.0" encoding="UTF-8"?>
<!-- Generated by org.testng.reporters.JUnitReportReporter -->
<testsuite hostname="OTS" failures="0" tests="1" name="Automation.Dhru.multitab" time="15.040" errors="0" timestamp="2024-11-21T17:31:19 IST" skipped="0">
  <testcase classname="Automation.Dhru.multitab" name="multitabb" time="15.040"/>
  <system-out/>
</testsuite> <!-- Automation.Dhru.multitab -->
