<?xml version="1.0" encoding="UTF-8"?>
<!-- Generated by org.testng.reporters.JUnitReportReporter -->
<testsuite hostname="OTS" failures="0" tests="1" name="Automation.Dhru.Loc_Autosuggestion" time="9.997" errors="0" timestamp="2024-12-09T19:17:27 IST" skipped="0">
  <testcase classname="Automation.Dhru.Loc_Autosuggestion" name="test" time="9.997"/>
  <system-out/>
</testsuite> <!-- Automation.Dhru.Loc_Autosuggestion -->
