<?xml version="1.0" encoding="UTF-8"?>
<!-- Generated by org.testng.reporters.JUnitReportReporter -->
<testsuite hostname="OTS" failures="0" tests="1" name="Automation.Dhru.multitab" time="14.903" errors="0" timestamp="2024-12-09T16:40:05 IST" skipped="0">
  <testcase classname="Automation.Dhru.multitab" name="multitabb" time="14.903"/>
  <system-out/>
</testsuite> <!-- Automation.Dhru.multitab -->
