<?xml version="1.0" encoding="UTF-8"?>
<!-- Generated by org.testng.reporters.JUnitReportReporter -->
<testsuite hostname="OTS" failures="0" tests="1" name="Automation.Dhru.Loc_heightandwidth" time="6.664" errors="0" timestamp="2024-12-11T19:17:34 IST" skipped="0">
  <testcase classname="Automation.Dhru.Loc_heightandwidth" name="test" time="6.664"/>
  <system-out/>
</testsuite> <!-- Automation.Dhru.Loc_heightandwidth -->
