<?xml version="1.0" encoding="UTF-8"?>
<!-- Generated by org.testng.reporters.JUnitReportReporter -->
<testsuite hostname="OTS" failures="0" tests="1" name="Automation.Dhru.Kyobee" time="13.845" errors="0" timestamp="2024-12-17T19:16:04 IST" skipped="0">
  <testcase classname="Automation.Dhru.Kyobee" name="test" time="13.845"/>
  <system-out/>
</testsuite> <!-- Automation.Dhru.Kyobee -->
