<?xml version="1.0" encoding="UTF-8"?>
<!-- Generated by org.testng.reporters.JUnitReportReporter -->
<testsuite hostname="OTS" failures="0" tests="1" name="Automation.Dhru.Multitab2" time="9.900" errors="0" timestamp="2024-12-09T16:40:37 IST" skipped="0">
  <testcase classname="Automation.Dhru.Multitab2" name="test" time="9.900"/>
  <system-out/>
</testsuite> <!-- Automation.Dhru.Multitab2 -->
