<?xml version="1.0" encoding="UTF-8"?>
<!-- Generated by org.testng.reporters.JUnitReportReporter -->
<testsuite hostname="OTS" failures="0" tests="1" name="Automation.Dhru.Class_1" time="21.573" errors="0" timestamp="2024-12-05T17:34:37 IST" skipped="0">
  <testcase classname="Automation.Dhru.Class_1" name="test" time="21.573"/>
  <system-out/>
</testsuite> <!-- Automation.Dhru.Class_1 -->
