<?xml version="1.0" encoding="UTF-8"?>
<!-- Generated by org.testng.reporters.JUnitReportReporter -->
<testsuite hostname="OTS" failures="0" tests="1" name="Automation.Dhru.Kyobee" time="20.682" errors="0" timestamp="2024-12-18T13:38:31 IST" skipped="0">
  <testcase classname="Automation.Dhru.Kyobee" name="test" time="20.682"/>
  <system-out/>
</testsuite> <!-- Automation.Dhru.Kyobee -->
