<?xml version="1.0" encoding="UTF-8"?>
<!-- Generated by org.testng.reporters.JUnitReportReporter -->
<testsuite hostname="OTS" failures="0" tests="1" name="Automation.Dhru.Unique_Dropdown" time="9.339" errors="0" timestamp="2024-12-09T18:57:33 IST" skipped="0">
  <testcase classname="Automation.Dhru.Unique_Dropdown" name="test" time="9.339"/>
  <system-out/>
</testsuite> <!-- Automation.Dhru.Unique_Dropdown -->
