<?xml version="1.0" encoding="UTF-8"?>
<!-- Generated by org.testng.reporters.JUnitReportReporter -->
<testsuite hostname="OTS" failures="0" tests="1" name="Automation.Dhru.Windowactivation" time="11.632" errors="0" timestamp="2024-12-04T17:30:12 IST" skipped="0">
  <testcase classname="Automation.Dhru.Windowactivation" name="test" time="11.632"/>
  <system-out/>
</testsuite> <!-- Automation.Dhru.Windowactivation -->
