<?xml version="1.0" encoding="UTF-8"?>
<!-- Generated by org.testng.reporters.JUnitReportReporter -->
<testsuite hostname="OTS" failures="0" tests="1" name="Automation.Dhru.SiblingandParenttravel" time="10.617" errors="0" timestamp="2024-12-10T16:46:59 IST" skipped="0">
  <testcase classname="Automation.Dhru.SiblingandParenttravel" name="test" time="10.617"/>
  <system-out/>
</testsuite> <!-- Automation.Dhru.SiblingandParenttravel -->
