<?xml version="1.0" encoding="UTF-8"?>
<!-- Generated by org.testng.reporters.JUnitReportReporter -->
<testsuite hostname="OTS" failures="0" tests="1" name="Automation.Dhru.Loc_CalanderUI" time="6.709" errors="0" timestamp="2024-12-11T16:04:07 IST" skipped="0">
  <testcase classname="Automation.Dhru.Loc_CalanderUI" name="test" time="6.709"/>
  <system-out/>
</testsuite> <!-- Automation.Dhru.Loc_CalanderUI -->
