<?xml version="1.0" encoding="UTF-8"?>
<!-- Generated by org.testng.reporters.JUnitReportReporter -->
<testsuite hostname="OTS" failures="0" tests="1" name="Automation.Dhru.Cart_Demo" time="17.206" errors="0" timestamp="2024-12-06T16:37:37 IST" skipped="0">
  <testcase classname="Automation.Dhru.Cart_Demo" name="test" time="17.206"/>
  <system-out/>
</testsuite> <!-- Automation.Dhru.Cart_Demo -->
