<?xml version="1.0" encoding="UTF-8"?>
<!-- Generated by org.testng.reporters.JUnitReportReporter -->
<testsuite hostname="OTS" failures="0" tests="1" name="Automation.Dhru.Loc_Disable" time="119.139" errors="0" timestamp="2024-12-11T15:08:28 IST" skipped="0">
  <testcase classname="Automation.Dhru.Loc_Disable" name="test" time="119.139"/>
  <system-out/>
</testsuite> <!-- Automation.Dhru.Loc_Disable -->
