<?xml version="1.0" encoding="UTF-8"?>
<!-- Generated by org.testng.reporters.JUnitReportReporter -->
<testsuite hostname="OTS" failures="0" tests="1" name="Automation.Dhru.Pre_wikipedia" time="9.479" errors="0" timestamp="2024-12-11T12:56:47 IST" skipped="0">
  <testcase classname="Automation.Dhru.Pre_wikipedia" name="test" time="9.479"/>
  <system-out/>
</testsuite> <!-- Automation.Dhru.Pre_wikipedia -->
