<?xml version="1.0" encoding="UTF-8"?>
<!-- Generated by org.testng.reporters.JUnitReportReporter -->
<testsuite hostname="OTS" failures="0" tests="1" name="Automation.Dhru.Chat" time="37.322" errors="0" timestamp="2024-12-02T17:39:47 IST" skipped="0">
  <testcase classname="Automation.Dhru.Chat" name="test" time="37.322"/>
  <system-out/>
</testsuite> <!-- Automation.Dhru.Chat -->
