<?xml version="1.0" encoding="UTF-8"?>
<!-- Generated by org.testng.reporters.JUnitReportReporter -->
<testsuite hostname="OTS" failures="0" tests="1" name="Automation.Dhru.Alert_Demo" time="7.769" errors="0" timestamp="2024-12-04T17:13:42 IST" skipped="0">
  <testcase classname="Automation.Dhru.Alert_Demo" name="test" time="7.769"/>
  <system-out/>
</testsuite> <!-- Automation.Dhru.Alert_Demo -->
