<?xml version="1.0" encoding="UTF-8"?>
<!-- Generated by org.testng.reporters.JUnitReportReporter -->
<testsuite hostname="OTS" failures="0" tests="1" name="Automation.Dhru.Unique_Dropdown" time="11.081" errors="0" timestamp="2024-12-05T18:04:44 IST" skipped="0">
  <testcase classname="Automation.Dhru.Unique_Dropdown" name="test" time="11.081"/>
  <system-out/>
</testsuite> <!-- Automation.Dhru.Unique_Dropdown -->
