<?xml version="1.0" encoding="UTF-8"?>
<!-- Generated by org.testng.reporters.JUnitReportReporter -->
<testsuite hostname="OTS" failures="0" tests="1" name="Automation.Dhru.Multitab2" time="11.848" errors="0" timestamp="2024-11-26T12:54:24 IST" skipped="0">
  <testcase classname="Automation.Dhru.Multitab2" name="test" time="11.848"/>
  <system-out/>
</testsuite> <!-- Automation.Dhru.Multitab2 -->
