<?xml version="1.0" encoding="UTF-8"?>
<!-- Generated by org.testng.reporters.JUnitReportReporter -->
<testsuite hostname="OTS" failures="0" tests="1" name="Automation.Dhru.Class_1" time="22.024" errors="0" timestamp="2024-12-05T15:59:42 IST" skipped="0">
  <testcase classname="Automation.Dhru.Class_1" name="test" time="22.024"/>
  <system-out/>
</testsuite> <!-- Automation.Dhru.Class_1 -->
